# JRE version: OpenJDK Runtime Environment (8.0_152-b06) (build 1.8.0_152-release-1136-b06)
# Java VM: OpenJDK 64-Bit Server VM (25.152-b06 mixed mode windows-amd64 compressed oops)
Heap:
 PSYoungGen      total 475136K, used 75518K [0x00000000e0000000, 0x0000000100000000, 0x0000000100000000)
  eden space 434176K, 10% used [0x00000000e0000000,0x00000000e2d2a9e0,0x00000000fa800000)
  from space 40960K, 71% used [0x00000000fd200000,0x00000000fee95070,0x00000000ffa00000)
  to   space 43008K, 0% used [0x00000000fa800000,0x00000000fa800000,0x00000000fd200000)
 ParOldGen       total 208384K, used 65209K [0x00000000a0000000, 0x00000000acb80000, 0x00000000e0000000)
  object space 208384K, 31% used [0x00000000a0000000,0x00000000a3fae730,0x00000000acb80000)
 Metaspace       used 92799K, capacity 98444K, committed 98816K, reserved 1136640K
  class space    used 11396K, capacity 12397K, committed 12544K, reserved 1048576K
GC Heap History (10 events):
Event: 2192.281 GC heap before
{Heap before GC invocations=47 (full 5):
 PSYoungGen      total 479232K, used 445789K [0x00000000e0000000, 0x00000000ffd00000, 0x0000000100000000)
  eden space 436224K, 99% used [0x00000000e0000000,0x00000000fa9f2128,0x00000000faa00000)
  from space 43008K, 22% used [0x00000000faa00000,0x00000000fb3656a8,0x00000000fd400000)
  to   space 41472K, 0% used [0x00000000fd480000,0x00000000fd480000,0x00000000ffd00000)
 ParOldGen       total 208384K, used 65185K [0x00000000a0000000, 0x00000000acb80000, 0x00000000e0000000)
  object space 208384K, 31% used [0x00000000a0000000,0x00000000a3fa8730,0x00000000acb80000)
 Metaspace       used 91810K, capacity 97494K, committed 98816K, reserved 1136640K
  class space    used 11326K, capacity 12320K, committed 12544K, reserved 1048576K
Event: 2192.295 GC heap after
Heap after GC invocations=47 (full 5):
 PSYoungGen      total 479744K, used 9314K [0x00000000e0000000, 0x00000000ffb80000, 0x0000000100000000)
  eden space 439808K, 0% used [0x00000000e0000000,0x00000000e0000000,0x00000000fad80000)
  from space 39936K, 23% used [0x00000000fd480000,0x00000000fdd98a20,0x00000000ffb80000)
  to   space 39936K, 0% used [0x00000000fad80000,0x00000000fad80000,0x00000000fd480000)
 ParOldGen       total 208384K, used 65193K [0x00000000a0000000, 0x00000000acb80000, 0x00000000e0000000)
  object space 208384K, 31% used [0x00000000a0000000,0x00000000a3faa730,0x00000000acb80000)
 Metaspace       used 91810K, capacity 97494K, committed 98816K, reserved 1136640K
  class space    used 11326K, capacity 12320K, committed 12544K, reserved 1048576K
}
Event: 2200.214 GC heap before
{Heap before GC invocations=48 (full 5):
 PSYoungGen      total 479744K, used 449122K [0x00000000e0000000, 0x00000000ffb80000, 0x0000000100000000)
  eden space 439808K, 100% used [0x00000000e0000000,0x00000000fad80000,0x00000000fad80000)
  from space 39936K, 23% used [0x00000000fd480000,0x00000000fdd98a20,0x00000000ffb80000)
  to   space 39936K, 0% used [0x00000000fad80000,0x00000000fad80000,0x00000000fd480000)
 ParOldGen       total 208384K, used 65193K [0x00000000a0000000, 0x00000000acb80000, 0x00000000e0000000)
  object space 208384K, 31% used [0x00000000a0000000,0x00000000a3faa730,0x00000000acb80000)
 Metaspace       used 91925K, capacity 97570K, committed 98816K, reserved 1136640K
  class space    used 11329K, capacity 12320K, committed 12544K, reserved 1048576K
Event: 2200.260 GC heap after
Heap after GC invocations=48 (full 5):
 PSYoungGen      total 479744K, used 39532K [0x00000000e0000000, 0x0000000100000000, 0x0000000100000000)
  eden space 439808K, 0% used [0x00000000e0000000,0x00000000e0000000,0x00000000fad80000)
  from space 39936K, 98% used [0x00000000fad80000,0x00000000fd41b3b8,0x00000000fd480000)
  to   space 44544K, 0% used [0x00000000fd480000,0x00000000fd480000,0x0000000100000000)
 ParOldGen       total 208384K, used 65193K [0x00000000a0000000, 0x00000000acb80000, 0x00000000e0000000)
  object space 208384K, 31% used [0x00000000a0000000,0x00000000a3faa730,0x00000000acb80000)
 Metaspace       used 91925K, capacity 97570K, committed 98816K, reserved 1136640K
  class space    used 11329K, capacity 12320K, committed 12544K, reserved 1048576K
}
Event: 2205.552 GC heap before
{Heap before GC invocations=49 (full 5):
 PSYoungGen      total 479744K, used 478651K [0x00000000e0000000, 0x0000000100000000, 0x0000000100000000)
  eden space 439808K, 99% used [0x00000000e0000000,0x00000000facd39a0,0x00000000fad80000)
  from space 39936K, 98% used [0x00000000fad80000,0x00000000fd41b3b8,0x00000000fd480000)
  to   space 44544K, 0% used [0x00000000fd480000,0x00000000fd480000,0x0000000100000000)
 ParOldGen       total 208384K, used 65193K [0x00000000a0000000, 0x00000000acb80000, 0x00000000e0000000)
  object space 208384K, 31% used [0x00000000a0000000,0x00000000a3faa730,0x00000000acb80000)
 Metaspace       used 91978K, capacity 97570K, committed 98816K, reserved 1136640K
  class space    used 11329K, capacity 12320K, committed 12544K, reserved 1048576K
Event: 2205.565 GC heap after
Heap after GC invocations=49 (full 5):
 PSYoungGen      total 480768K, used 17052K [0x00000000e0000000, 0x0000000100000000, 0x0000000100000000)
  eden space 436224K, 0% used [0x00000000e0000000,0x00000000e0000000,0x00000000faa00000)
  from space 44544K, 38% used [0x00000000fd480000,0x00000000fe527260,0x0000000100000000)
  to   space 43520K, 0% used [0x00000000faa00000,0x00000000faa00000,0x00000000fd480000)
 ParOldGen       total 208384K, used 65201K [0x00000000a0000000, 0x00000000acb80000, 0x00000000e0000000)
  object space 208384K, 31% used [0x00000000a0000000,0x00000000a3fac730,0x00000000acb80000)
 Metaspace       used 91978K, capacity 97570K, committed 98816K, reserved 1136640K
  class space    used 11329K, capacity 12320K, committed 12544K, reserved 1048576K
}
Event: 2281.990 GC heap before
{Heap before GC invocations=50 (full 5):
 PSYoungGen      total 480768K, used 452998K [0x00000000e0000000, 0x0000000100000000, 0x0000000100000000)
  eden space 436224K, 99% used [0x00000000e0000000,0x00000000fa9ba668,0x00000000faa00000)
  from space 44544K, 38% used [0x00000000fd480000,0x00000000fe527260,0x0000000100000000)
  to   space 43520K, 0% used [0x00000000faa00000,0x00000000faa00000,0x00000000fd480000)
 ParOldGen       total 208384K, used 65201K [0x00000000a0000000, 0x00000000acb80000, 0x00000000e0000000)
  object space 208384K, 31% used [0x00000000a0000000,0x00000000a3fac730,0x00000000acb80000)
 Metaspace       used 92059K, capacity 97728K, committed 98816K, reserved 1136640K
  class space    used 11331K, capacity 12325K, committed 12544K, reserved 1048576K
Event: 2282.019 GC heap after
Heap after GC invocations=50 (full 5):
 PSYoungGen      total 453632K, used 17403K [0x00000000e0000000, 0x00000000ffa00000, 0x0000000100000000)
  eden space 436224K, 0% used [0x00000000e0000000,0x00000000e0000000,0x00000000faa00000)
  from space 17408K, 99% used [0x00000000faa00000,0x00000000fbafed00,0x00000000fbb00000)
  to   space 40960K, 0% used [0x00000000fd200000,0x00000000fd200000,0x00000000ffa00000)
 ParOldGen       total 208384K, used 65201K [0x00000000a0000000, 0x00000000acb80000, 0x00000000e0000000)
  object space 208384K, 31% used [0x00000000a0000000,0x00000000a3fac730,0x00000000acb80000)
 Metaspace       used 92059K, capacity 97728K, committed 98816K, reserved 1136640K
  class space    used 11331K, capacity 12325K, committed 12544K, reserved 1048576K
}
Event: 5157.675 GC heap before
{Heap before GC invocations=51 (full 5):
 PSYoungGen      total 453632K, used 453627K [0x00000000e0000000, 0x00000000ffa00000, 0x0000000100000000)
  eden space 436224K, 100% used [0x00000000e0000000,0x00000000faa00000,0x00000000faa00000)
  from space 17408K, 99% used [0x00000000faa00000,0x00000000fbafed00,0x00000000fbb00000)
  to   space 40960K, 0% used [0x00000000fd200000,0x00000000fd200000,0x00000000ffa00000)
 ParOldGen       total 208384K, used 65201K [0x00000000a0000000, 0x00000000acb80000, 0x00000000e0000000)
  object space 208384K, 31% used [0x00000000a0000000,0x00000000a3fac730,0x00000000acb80000)
 Metaspace       used 92477K, capacity 98156K, committed 98816K, reserved 1136640K
  class space    used 11367K, capacity 12365K, committed 12544K, reserved 1048576K
Event: 5157.704 GC heap after
Heap after GC invocations=51 (full 5):
 PSYoungGen      total 475136K, used 29268K [0x00000000e0000000, 0x0000000100000000, 0x0000000100000000)
  eden space 434176K, 0% used [0x00000000e0000000,0x00000000e0000000,0x00000000fa800000)
  from space 40960K, 71% used [0x00000000fd200000,0x00000000fee95070,0x00000000ffa00000)
  to   space 43008K, 0% used [0x00000000fa800000,0x00000000fa800000,0x00000000fd200000)
 ParOldGen       total 208384K, used 65209K [0x00000000a0000000, 0x00000000acb80000, 0x00000000e0000000)
  object space 208384K, 31% used [0x00000000a0000000,0x00000000a3fae730,0x00000000acb80000)
 Metaspace       used 92477K, capacity 98156K, committed 98816K, reserved 1136640K
  class space    used 11367K, capacity 12365K, committed 12544K, reserved 1048576K
}

